  源.cpp
c:\users\lenovo\desktop\c语言练习\练习\c和指针\10-6\10-6\源.cpp(120): error C2143: 语法错误 : 缺少“;”(在“<”的前面)
          c:\users\lenovo\desktop\c语言练习\练习\c和指针\10-6\10-6\源.cpp(122): 参见对正在编译的类 模板 实例化“CQueue<T>”的引用
c:\users\lenovo\desktop\c语言练习\练习\c和指针\10-6\10-6\源.cpp(120): error C4430: 缺少类型说明符 - 假定为 int。注意:  C++ 不支持默认 int
c:\users\lenovo\desktop\c语言练习\练习\c和指针\10-6\10-6\源.cpp(120): error C2238: 意外的标记位于“;”之前
c:\users\lenovo\desktop\c语言练习\练习\c和指针\10-6\10-6\源.cpp(121): error C2143: 语法错误 : 缺少“;”(在“<”的前面)
c:\users\lenovo\desktop\c语言练习\练习\c和指针\10-6\10-6\源.cpp(121): error C4430: 缺少类型说明符 - 假定为 int。注意:  C++ 不支持默认 int
c:\users\lenovo\desktop\c语言练习\练习\c和指针\10-6\10-6\源.cpp(121): error C2238: 意外的标记位于“;”之前
c:\users\lenovo\desktop\c语言练习\练习\c和指针\10-6\10-6\源.cpp(123): error C4430: 缺少类型说明符 - 假定为 int。注意:  C++ 不支持默认 int
c:\users\lenovo\desktop\c语言练习\练习\c和指针\10-6\10-6\源.cpp(123): error C2146: 语法错误: 缺少“,”(在标识符“element”的前面)
c:\users\lenovo\desktop\c语言练习\练习\c和指针\10-6\10-6\源.cpp(126): error C2244: “CQueue<T>::appendTail”: 无法将函数定义与现有的声明匹配
          c:\users\lenovo\desktop\c语言练习\练习\c和指针\10-6\10-6\源.cpp(117) : 参见“CQueue<T>::appendTail”的声明
          定义
          'void CQueue::appendTail(const int &)'
          现有声明
          'void CQueue<T>::appendTail(const T &)'
c:\users\lenovo\desktop\c语言练习\练习\c和指针\10-6\10-6\源.cpp(143): error C2244: “CQueue<T>::deleteHead”: 无法将函数定义与现有的声明匹配
          c:\users\lenovo\desktop\c语言练习\练习\c和指针\10-6\10-6\源.cpp(118) : 参见“CQueue<T>::deleteHead”的声明
          定义
          'void CQueue::deleteHead(void)'
          现有声明
          'T CQueue<T>::deleteHead(void)'
